<?xml version="1.0" encoding="UTF-8"?>
<!-- Generated by org.testng.reporters.JUnitXMLReporter -->
<testsuite ignored="0" hostname="Akash12" failures="1" tests="1" name="Default test(failed)" time="15.765" errors="0" timestamp="2023-07-10T15:24:58 IST">
  <testcase classname="TestScript.TC_01" name="loginTestWithValidCredentials" time="0.275">
    <failure type="java.lang.NullPointerException" message="Cannot invoke &amp;quot;org.apache.log4j.Logger.info(Object)&amp;quot; because &amp;quot;TestScript.TC_01.log&amp;quot; is null">
      <![CDATA[java.lang.NullPointerException: Cannot invoke "org.apache.log4j.Logger.info(Object)" because "TestScript.TC_01.log" is null
at TestScript.TC_01.loginTestWithValidCredentials(TC_01.java:15)
at java.base/java.util.ArrayList.forEach(ArrayList.java:1511)
... Removed 27 stack frames]]>
    </failure>
  </testcase> <!-- loginTestWithValidCredentials -->
</testsuite> <!-- Default test(failed) -->
